<?xml version="1.0" encoding="UTF-8"?>
<testng-results ignored="0" total="1" passed="1" failed="0" skipped="0">
  <reporter-output>
  </reporter-output>
  <suite started-at="2022-12-25T22:50:29 IST" name="Default suite" finished-at="2022-12-25T22:50:48 IST" duration-ms="19233">
    <groups>
    </groups>
    <test started-at="2022-12-25T22:50:29 IST" name="Default test" finished-at="2022-12-25T22:50:48 IST" duration-ms="19233">
      <class name="pankajFinalFyndProject.TestCase_">
        <test-method is-config="true" signature="setup()[pri:0, instance:pankajFinalFyndProject.TestCase_@5884a914]" started-at="2022-12-25T22:50:29 IST" name="setup" finished-at="2022-12-25T22:50:44 IST" duration-ms="15327" status="PASS">
          <reporter-output>
          </reporter-output>
        </test-method> <!-- setup -->
        <test-method signature="elementisDisplayed()[pri:0, instance:pankajFinalFyndProject.TestCase_@5884a914]" started-at="2022-12-25T22:50:45 IST" name="elementisDisplayed" finished-at="2022-12-25T22:50:47 IST" duration-ms="2737" status="PASS">
          <reporter-output>
          </reporter-output>
        </test-method> <!-- elementisDisplayed -->
        <test-method is-config="true" signature="teardown()[pri:0, instance:pankajFinalFyndProject.TestCase_@5884a914]" started-at="2022-12-25T22:50:47 IST" name="teardown" finished-at="2022-12-25T22:50:48 IST" duration-ms="1039" status="PASS">
          <reporter-output>
          </reporter-output>
        </test-method> <!-- teardown -->
      </class> <!-- pankajFinalFyndProject.TestCase_ -->
    </test> <!-- Default test -->
  </suite> <!-- Default suite -->
</testng-results>
